[2025-02-10T09:07:27.526+0000] {local_task_job_runner.py:123} INFO - ::group::Pre task execution logs
[2025-02-10T09:07:27.540+0000] {taskinstance.py:2613} INFO - Dependencies all met for dep_context=non-requeueable deps ti=<TaskInstance: mgp-airflow1.docker_command_hello scheduled__2025-02-09T09:00:00+00:00 [queued]>
[2025-02-10T09:07:27.543+0000] {taskinstance.py:2613} INFO - Dependencies all met for dep_context=requeueable deps ti=<TaskInstance: mgp-airflow1.docker_command_hello scheduled__2025-02-09T09:00:00+00:00 [queued]>
[2025-02-10T09:07:27.544+0000] {taskinstance.py:2866} INFO - Starting attempt 1 of 1
[2025-02-10T09:07:27.550+0000] {taskinstance.py:2889} INFO - Executing <Task(DockerOperator): docker_command_hello> on 2025-02-09 09:00:00+00:00
[2025-02-10T09:07:27.554+0000] {standard_task_runner.py:72} INFO - Started process 1856 to run task
[2025-02-10T09:07:27.560+0000] {standard_task_runner.py:104} INFO - Running: ['***', 'tasks', 'run', 'mgp-***1', 'docker_command_hello', 'scheduled__2025-02-09T09:00:00+00:00', '--job-id', '26', '--raw', '--subdir', 'DAGS_FOLDER/mgpMap.py', '--cfg-path', '/tmp/tmprkgas_ue']
[2025-02-10T09:07:27.564+0000] {standard_task_runner.py:105} INFO - Job 26: Subtask docker_command_hello
[2025-02-10T09:07:27.578+0000] {logging_mixin.py:190} WARNING - /home/***/.local/lib/python3.9/site-packages/***/settings.py:209 DeprecationWarning: The sql_alchemy_conn option in [core] has been moved to the sql_alchemy_conn option in [database] - the old setting has been used, but please update your config.
[2025-02-10T09:07:27.602+0000] {task_command.py:467} INFO - Running <TaskInstance: mgp-airflow1.docker_command_hello scheduled__2025-02-09T09:00:00+00:00 [running]> on host 8c9cea95fee4
[2025-02-10T09:07:27.603+0000] {logging_mixin.py:190} WARNING - /home/***/.local/lib/python3.9/site-packages/***/settings.py:470 DeprecationWarning: The sql_alchemy_conn option in [core] has been moved to the sql_alchemy_conn option in [database] - the old setting has been used, but please update your config.
[2025-02-10T09:07:27.642+0000] {taskinstance.py:3132} INFO - Exporting env vars: AIRFLOW_CTX_DAG_OWNER='***' AIRFLOW_CTX_DAG_ID='mgp-***1' AIRFLOW_CTX_TASK_ID='docker_command_hello' AIRFLOW_CTX_EXECUTION_DATE='2025-02-09T09:00:00+00:00' AIRFLOW_CTX_TRY_NUMBER='1' AIRFLOW_CTX_DAG_RUN_ID='scheduled__2025-02-09T09:00:00+00:00'
[2025-02-10T09:07:27.643+0000] {taskinstance.py:731} INFO - ::endgroup::
[2025-02-10T09:07:27.686+0000] {docker.py:367} INFO - Starting docker container from image python:3.8-slim
[2025-02-10T09:07:27.695+0000] {docker.py:375} WARNING - Using remote engine or docker-in-docker and mounting temporary volume from host is not supported. Falling back to `mount_tmp_dir=False` mode. You can set `mount_tmp_dir` parameter to False to disable mounting and remove the warning
[2025-02-10T09:07:27.954+0000] {docker.py:438} INFO - hello
[2025-02-10T09:07:28.067+0000] {taskinstance.py:340} INFO - ::group::Post task execution logs
[2025-02-10T09:07:28.067+0000] {taskinstance.py:352} INFO - Marking task as SUCCESS. dag_id=mgp-***1, task_id=docker_command_hello, run_id=scheduled__2025-02-09T09:00:00+00:00, execution_date=20250209T090000, start_date=20250210T090727, end_date=20250210T090728
[2025-02-10T09:07:28.102+0000] {local_task_job_runner.py:266} INFO - Task exited with return code 0
[2025-02-10T09:07:28.132+0000] {taskinstance.py:3895} INFO - 0 downstream tasks scheduled from follow-on schedule check
[2025-02-10T09:07:28.134+0000] {local_task_job_runner.py:245} INFO - ::endgroup::
